<?xml version="1.0" encoding="UTF-8"?>
<testng-results ignored="0" total="3" passed="3" failed="0" skipped="0">
  <reporter-output>
  </reporter-output>
  <suite started-at="2024-02-27T23:23:08 IST" name="Default suite" finished-at="2024-02-27T23:24:03 IST" duration-ms="54204">
    <groups>
    </groups>
    <test started-at="2024-02-27T23:23:08 IST" name="Default test" finished-at="2024-02-27T23:24:03 IST" duration-ms="54204">
      <class name="com.crm.qa.testcases.LoginPageTest">
        <test-method is-config="true" signature="beforeSuite()[pri:0, instance:com.crm.qa.testcases.LoginPageTest@2d52216b]" started-at="2024-02-27T23:23:08 IST" name="beforeSuite" finished-at="2024-02-27T23:23:08 IST" duration-ms="253" status="PASS">
          <reporter-output>
          </reporter-output>
        </test-method> <!-- beforeSuite -->
        <test-method is-config="true" signature="setUp()[pri:0, instance:com.crm.qa.testcases.LoginPageTest@2d52216b]" started-at="2024-02-27T23:23:08 IST" name="setUp" finished-at="2024-02-27T23:23:21 IST" duration-ms="12261" status="PASS">
          <reporter-output>
          </reporter-output>
        </test-method> <!-- setUp -->
        <test-method signature="loginPageTitelTest()[pri:1, instance:com.crm.qa.testcases.LoginPageTest@2d52216b]" started-at="2024-02-27T23:23:21 IST" name="loginPageTitelTest" finished-at="2024-02-27T23:23:21 IST" duration-ms="58" status="PASS">
          <reporter-output>
          </reporter-output>
        </test-method> <!-- loginPageTitelTest -->
        <test-method is-config="true" signature="teardown()[pri:0, instance:com.crm.qa.testcases.LoginPageTest@2d52216b]" started-at="2024-02-27T23:23:21 IST" name="teardown" finished-at="2024-02-27T23:23:21 IST" duration-ms="311" status="PASS">
          <reporter-output>
          </reporter-output>
        </test-method> <!-- teardown -->
        <test-method is-config="true" signature="setUp()[pri:0, instance:com.crm.qa.testcases.LoginPageTest@2d52216b]" started-at="2024-02-27T23:23:21 IST" name="setUp" finished-at="2024-02-27T23:23:34 IST" duration-ms="12781" status="PASS">
          <reporter-output>
          </reporter-output>
        </test-method> <!-- setUp -->
        <test-method signature="loginPageLogoTest()[pri:2, instance:com.crm.qa.testcases.LoginPageTest@2d52216b]" started-at="2024-02-27T23:23:34 IST" name="loginPageLogoTest" finished-at="2024-02-27T23:23:34 IST" duration-ms="96" status="PASS">
          <reporter-output>
          </reporter-output>
        </test-method> <!-- loginPageLogoTest -->
        <test-method is-config="true" signature="teardown()[pri:0, instance:com.crm.qa.testcases.LoginPageTest@2d52216b]" started-at="2024-02-27T23:23:34 IST" name="teardown" finished-at="2024-02-27T23:23:34 IST" duration-ms="262" status="PASS">
          <reporter-output>
          </reporter-output>
        </test-method> <!-- teardown -->
        <test-method is-config="true" signature="setUp()[pri:0, instance:com.crm.qa.testcases.LoginPageTest@2d52216b]" started-at="2024-02-27T23:23:34 IST" name="setUp" finished-at="2024-02-27T23:23:48 IST" duration-ms="14142" status="PASS">
          <reporter-output>
          </reporter-output>
        </test-method> <!-- setUp -->
        <test-method signature="loginTest()[pri:3, instance:com.crm.qa.testcases.LoginPageTest@2d52216b]" started-at="2024-02-27T23:23:48 IST" name="loginTest" finished-at="2024-02-27T23:24:02 IST" duration-ms="13917" status="PASS">
          <reporter-output>
          </reporter-output>
        </test-method> <!-- loginTest -->
        <test-method is-config="true" signature="teardown()[pri:0, instance:com.crm.qa.testcases.LoginPageTest@2d52216b]" started-at="2024-02-27T23:24:02 IST" name="teardown" finished-at="2024-02-27T23:24:03 IST" duration-ms="343" status="PASS">
          <reporter-output>
          </reporter-output>
        </test-method> <!-- teardown -->
        <test-method is-config="true" signature="flush()[pri:0, instance:com.crm.qa.testcases.LoginPageTest@2d52216b]" started-at="2024-02-27T23:24:03 IST" name="flush" finished-at="2024-02-27T23:24:03 IST" duration-ms="701" status="PASS">
          <reporter-output>
          </reporter-output>
        </test-method> <!-- flush -->
      </class> <!-- com.crm.qa.testcases.LoginPageTest -->
    </test> <!-- Default test -->
  </suite> <!-- Default suite -->
</testng-results>
