<?xml version="1.0" encoding="UTF-8"?>
<!-- Generated by org.testng.reporters.JUnitXMLReporter -->
<testsuite ignored="0" hostname="Navi" failures="0" tests="3" name="Default test" time="54.204" errors="0" timestamp="2024-02-27T23:24:03 IST">
  <testcase classname="com.crm.qa.testcases.LoginPageTest" name="loginPageTitelTest" time="0.058"/>
  <testcase classname="com.crm.qa.testcases.LoginPageTest" name="loginPageLogoTest" time="0.096"/>
  <testcase classname="com.crm.qa.testcases.LoginPageTest" name="loginTest" time="13.917"/>
</testsuite> <!-- Default test -->
